Arguments: 
  /usr/local/bin/node /usr/local/bin/yarn install

PATH: 
  /opt/homebrew/bin:/opt/homebrew/sbin:/usr/local/bin:/usr/bin:/bin:/usr/sbin:/sbin:/Users/goody/.cargo/bin

Yarn version: 
  1.22.10

Node version: 
  16.14.0

Platform: 
  darwin arm64

Trace: 
  SyntaxError: /Users/goody/dev/myBlog/package.json: Unexpected token } in JSON at position 471
      at JSON.parse (<anonymous>)
      at /usr/local/lib/node_modules/yarn/lib/cli.js:1625:59
      at Generator.next (<anonymous>)
      at step (/usr/local/lib/node_modules/yarn/lib/cli.js:310:30)
      at /usr/local/lib/node_modules/yarn/lib/cli.js:321:13

npm manifest: 
  {
    "name": "myblog",
    "version": "1.0.0",
    "description": "",
    "main": "index.js",
    "scripts": {
      "dev": "next dev",
      "build": "next build",
      "start": "next start",
      "lint": "next lint",
      "test": "echo \"Error: no test specified\" && exit 1"
    },
    "keywords": [],
    "author": "",
    "license": "ISC",
    "dependencies": {
      "date-fns": "^2.28.0",
      "next": "^12.1.6",
      "prettier": "^2.6.0",
      "react": "^18.2.0",
      "react-dom": "^18.2.0",
    },
    "devDependencies": {
      "@types/node": "^18.0.0",
      "@types/react": "^18.0.14",
      "eslint": "^8.21.0",
      "eslint-config-next": "^12.2.4",
      "typescript": "^4.6.2"
    }
  }

yarn manifest: 
  No manifest

Lockfile: 
  No lockfile
